<?xml version="1.0" encoding="UTF-8"?>
<testng-results ignored="0" total="1" passed="1" failed="0" skipped="0">
  <reporter-output>
  </reporter-output>
  <suite started-at="2024-09-11T20:23:03 EDT" name="Default suite" finished-at="2024-09-11T20:23:29 EDT" duration-ms="25674">
    <groups>
    </groups>
    <test started-at="2024-09-11T20:23:03 EDT" name="Default test" finished-at="2024-09-11T20:23:29 EDT" duration-ms="25674">
      <class name="semmobile.LongPress">
        <test-method is-config="true" signature="ConfigureAppium()[pri:0, instance:semmobile.LongPress@8dbdac1]" started-at="2024-09-11T20:23:03 EDT" name="ConfigureAppium" finished-at="2024-09-11T20:23:16 EDT" duration-ms="12612" status="PASS">
          <reporter-output>
          </reporter-output>
        </test-method> <!-- ConfigureAppium -->
        <test-method signature="LongPressGesture()[pri:0, instance:semmobile.LongPress@8dbdac1]" started-at="2024-09-11T20:23:16 EDT" name="LongPressGesture" finished-at="2024-09-11T20:23:28 EDT" duration-ms="12068" status="PASS">
          <reporter-output>
          </reporter-output>
        </test-method> <!-- LongPressGesture -->
        <test-method is-config="true" signature="tearDown()[pri:0, instance:semmobile.LongPress@8dbdac1]" started-at="2024-09-11T20:23:28 EDT" name="tearDown" finished-at="2024-09-11T20:23:29 EDT" duration-ms="921" status="PASS">
          <reporter-output>
          </reporter-output>
        </test-method> <!-- tearDown -->
      </class> <!-- semmobile.LongPress -->
    </test> <!-- Default test -->
  </suite> <!-- Default suite -->
</testng-results>
